\BOOKMARK [0][-]{chapter.1}{Introduction}{}% 1
\BOOKMARK [0][-]{chapter.2}{Installation}{}% 2
\BOOKMARK [1][-]{section.2.1}{Configuring your Ubuntu Machine}{chapter.2}% 3
\BOOKMARK [2][-]{subsection.2.1.1}{Install base packages}{section.2.1}% 4
\BOOKMARK [2][-]{subsection.2.1.2}{Install dependencies for MAVProxy}{section.2.1}% 5
\BOOKMARK [2][-]{subsection.2.1.3}{Install MAVProxy}{section.2.1}% 6
\BOOKMARK [2][-]{subsection.2.1.4}{Download and install ArUco}{section.2.1}% 7
\BOOKMARK [2][-]{subsection.2.1.5}{Install ROS Indigo}{section.2.1}% 8
\BOOKMARK [2][-]{subsection.2.1.6}{Install Gazebo}{section.2.1}% 9
\BOOKMARK [0][-]{chapter.3}{Configuring User Workspace}{}% 10
\BOOKMARK [1][-]{section.3.1}{Download Ardupilot}{chapter.3}% 11
\BOOKMARK [2][-]{subsection.3.1.1}{Compile a specific branch of ardupilot}{section.3.1}% 12
\BOOKMARK [1][-]{section.3.2}{Download ErleRover\137Scripts directory}{chapter.3}% 13
\BOOKMARK [2][-]{subsection.3.2.1}{Getting permission to push commits to the remote repo}{section.3.2}% 14
\BOOKMARK [1][-]{section.3.3}{Download ros\137gazebo\137python directory, which contains the BasicBot work. Optional}{chapter.3}% 15
\BOOKMARK [2][-]{subsection.3.3.1}{Getting permission to push commits to the remote repo}{section.3.3}% 16
\BOOKMARK [1][-]{section.3.4}{Create ROS workspace}{chapter.3}% 17
\BOOKMARK [2][-]{subsection.3.4.1}{Make workspace}{section.3.4}% 18
\BOOKMARK [2][-]{subsection.3.4.2}{Initialize the workspace}{section.3.4}% 19
\BOOKMARK [2][-]{subsection.3.4.3}{Download ros\137catkin\137ws\137src which contains the development work for the MSU rover project}{section.3.4}% 20
\BOOKMARK [2][-]{subsection.3.4.4}{Compile the ros\137catkin\137ws workspace}{section.3.4}% 21
\BOOKMARK [1][-]{section.3.5}{Download Gazebo models}{chapter.3}% 22
\BOOKMARK [1][-]{section.3.6}{Configuring .bashrc}{chapter.3}% 23
\BOOKMARK [2][-]{subsection.3.6.1}{Add ROS setup to bash}{section.3.6}% 24
\BOOKMARK [2][-]{subsection.3.6.2}{Add ros\137catkin\137ws setup to bash}{section.3.6}% 25
\BOOKMARK [0][-]{chapter.4}{Usage}{}% 26
\BOOKMARK [1][-]{section.4.1}{Basic Erle-Rover simulation}{chapter.4}% 27
\BOOKMARK [2][-]{subsection.4.1.1}{Manually starting all needed processes}{section.4.1}% 28
\BOOKMARK [2][-]{subsection.4.1.2}{Using scripts to start simulation}{section.4.1}% 29
\BOOKMARK [1][-]{section.4.2}{Starting MAVProxy via a script}{chapter.4}% 30
\BOOKMARK [1][-]{section.4.3}{Basic obstacle avoidance simulation using Erle Robotics script}{chapter.4}% 31
\BOOKMARK [2][-]{subsection.4.3.1}{Manually starting all needed processes}{section.4.3}% 32
\BOOKMARK [2][-]{subsection.4.3.2}{Using scripts to start simulation}{section.4.3}% 33
\BOOKMARK [1][-]{section.4.4}{Maze mapping using RViz}{chapter.4}% 34
\BOOKMARK [1][-]{section.4.5}{Line follower simulation}{chapter.4}% 35
\BOOKMARK [1][-]{section.4.6}{Object finder simulation}{chapter.4}% 36
\BOOKMARK [0][-]{chapter.5}{Troubleshooting}{}% 37
\BOOKMARK [1][-]{section.5.1}{Rover is not responding to either manual or scripted commands}{chapter.5}% 38
